<?xml version="1.0" encoding="UTF-8"?>
<!-- Generated by org.testng.reporters.JUnitXMLReporter -->
<testsuite ignored="0" hostname="DESKTOP-9FJK98O" failures="0" tests="5" name="chrometest" time="9.55" errors="0" timestamp="2024-01-25T13:21:55 IST">
  <testcase classname="jan22.Using_Dataprovider" name="verify_login" time="2.224"/>
  <testcase classname="jan22.Using_Dataprovider" name="verify_login" time="1.205"/>
  <testcase classname="jan22.Using_Dataprovider" name="verify_login" time="1.053"/>
  <testcase classname="jan22.Using_Dataprovider" name="verify_login" time="1.29"/>
  <testcase classname="jan22.Using_Dataprovider" name="verify_login" time="1.228"/>
</testsuite> <!-- chrometest -->
