<?xml version="1.0" encoding="UTF-8"?>
<!-- Generated by org.testng.reporters.JUnitXMLReporter -->
<testsuite ignored="0" hostname="DESKTOP-9FJK98O" failures="0" tests="5" name="firefoxtest" time="10.277" errors="0" timestamp="2024-01-25T13:22:05 IST">
  <testcase classname="jan22.Using_Dataprovider" name="verify_login" time="2.7"/>
  <testcase classname="jan22.Using_Dataprovider" name="verify_login" time="0.651"/>
  <testcase classname="jan22.Using_Dataprovider" name="verify_login" time="0.936"/>
  <testcase classname="jan22.Using_Dataprovider" name="verify_login" time="1.082"/>
  <testcase classname="jan22.Using_Dataprovider" name="verify_login" time="1.123"/>
</testsuite> <!-- firefoxtest -->
