<?xml version="1.0" encoding="UTF-8"?>
<testng-results ignored="0" total="10" passed="10" failed="0" skipped="0">
  <reporter-output>
  </reporter-output>
  <suite started-at="2024-01-25T13:21:45 IST" name="cross browser testing" finished-at="2024-01-25T13:22:05 IST" duration-ms="19869">
    <groups>
    </groups>
    <test started-at="2024-01-25T13:21:45 IST" name="chrometest" finished-at="2024-01-25T13:21:54 IST" duration-ms="9550">
      <class name="jan22.Using_Dataprovider">
        <test-method is-config="true" signature="setup(java.lang.String)[pri:0, instance:jan22.Using_Dataprovider@16a0ee18]" started-at="2024-01-25T13:21:45 IST" name="setup" finished-at="2024-01-25T13:21:47 IST" duration-ms="1991" status="PASS">
          <params>
            <param index="0">
              <value>
                <![CDATA[chrome]]>
              </value>
            </param>
          </params>
          <reporter-output>
          </reporter-output>
        </test-method> <!-- setup -->
        <test-method signature="verify_login(java.lang.String,java.lang.String)[pri:0, instance:jan22.Using_Dataprovider@16a0ee18]" started-at="2024-01-25T13:21:47 IST" name="verify_login" data-provider="dp" finished-at="2024-01-25T13:21:49 IST" duration-ms="2224" status="PASS">
          <params>
            <param index="0">
              <value>
                <![CDATA[Admin]]>
              </value>
            </param>
            <param index="1">
              <value>
                <![CDATA[Qedge123!@#]]>
              </value>
            </param>
          </params>
          <reporter-output>
          </reporter-output>
        </test-method> <!-- verify_login -->
        <test-method signature="verify_login(java.lang.String,java.lang.String)[pri:0, instance:jan22.Using_Dataprovider@16a0ee18]" started-at="2024-01-25T13:21:49 IST" name="verify_login" data-provider="dp" finished-at="2024-01-25T13:21:50 IST" duration-ms="1205" status="PASS">
          <params>
            <param index="0">
              <value>
                <![CDATA[Test]]>
              </value>
            </param>
            <param index="1">
              <value>
                <![CDATA[Qedge123!@#]]>
              </value>
            </param>
          </params>
          <reporter-output>
          </reporter-output>
        </test-method> <!-- verify_login -->
        <test-method signature="verify_login(java.lang.String,java.lang.String)[pri:0, instance:jan22.Using_Dataprovider@16a0ee18]" started-at="2024-01-25T13:21:50 IST" name="verify_login" data-provider="dp" finished-at="2024-01-25T13:21:52 IST" duration-ms="1053" status="PASS">
          <params>
            <param index="0">
              <value>
                <![CDATA[Admin]]>
              </value>
            </param>
            <param index="1">
              <value>
                <![CDATA[Qedge]]>
              </value>
            </param>
          </params>
          <reporter-output>
          </reporter-output>
        </test-method> <!-- verify_login -->
        <test-method signature="verify_login(java.lang.String,java.lang.String)[pri:0, instance:jan22.Using_Dataprovider@16a0ee18]" started-at="2024-01-25T13:21:52 IST" name="verify_login" data-provider="dp" finished-at="2024-01-25T13:21:53 IST" duration-ms="1290" status="PASS">
          <params>
            <param index="0">
              <value>
                <![CDATA[Admin]]>
              </value>
            </param>
            <param index="1">
              <value>
                <![CDATA[Qedge123!@#]]>
              </value>
            </param>
          </params>
          <reporter-output>
          </reporter-output>
        </test-method> <!-- verify_login -->
        <test-method signature="verify_login(java.lang.String,java.lang.String)[pri:0, instance:jan22.Using_Dataprovider@16a0ee18]" started-at="2024-01-25T13:21:53 IST" name="verify_login" data-provider="dp" finished-at="2024-01-25T13:21:54 IST" duration-ms="1228" status="PASS">
          <params>
            <param index="0">
              <value>
                <![CDATA[Admin]]>
              </value>
            </param>
            <param index="1">
              <value>
                <![CDATA[Qedge123!@#]]>
              </value>
            </param>
          </params>
          <reporter-output>
          </reporter-output>
        </test-method> <!-- verify_login -->
        <test-method is-config="true" signature="teardown()[pri:0, instance:jan22.Using_Dataprovider@16a0ee18]" started-at="2024-01-25T13:21:54 IST" name="teardown" finished-at="2024-01-25T13:21:54 IST" duration-ms="459" status="PASS">
          <reporter-output>
          </reporter-output>
        </test-method> <!-- teardown -->
      </class> <!-- jan22.Using_Dataprovider -->
    </test> <!-- chrometest -->
    <test started-at="2024-01-25T13:21:55 IST" name="firefoxtest" finished-at="2024-01-25T13:22:05 IST" duration-ms="10277">
      <class name="jan22.Using_Dataprovider">
        <test-method is-config="true" signature="setup(java.lang.String)[pri:0, instance:jan22.Using_Dataprovider@342c38f8]" started-at="2024-01-25T13:21:55 IST" name="setup" finished-at="2024-01-25T13:21:57 IST" duration-ms="2626" status="PASS">
          <params>
            <param index="0">
              <value>
                <![CDATA[firefox]]>
              </value>
            </param>
          </params>
          <reporter-output>
          </reporter-output>
        </test-method> <!-- setup -->
        <test-method signature="verify_login(java.lang.String,java.lang.String)[pri:0, instance:jan22.Using_Dataprovider@342c38f8]" started-at="2024-01-25T13:21:57 IST" name="verify_login" data-provider="dp" finished-at="2024-01-25T13:22:00 IST" duration-ms="2700" status="PASS">
          <params>
            <param index="0">
              <value>
                <![CDATA[Admin]]>
              </value>
            </param>
            <param index="1">
              <value>
                <![CDATA[Qedge123!@#]]>
              </value>
            </param>
          </params>
          <reporter-output>
          </reporter-output>
        </test-method> <!-- verify_login -->
        <test-method signature="verify_login(java.lang.String,java.lang.String)[pri:0, instance:jan22.Using_Dataprovider@342c38f8]" started-at="2024-01-25T13:22:00 IST" name="verify_login" data-provider="dp" finished-at="2024-01-25T13:22:01 IST" duration-ms="651" status="PASS">
          <params>
            <param index="0">
              <value>
                <![CDATA[Test]]>
              </value>
            </param>
            <param index="1">
              <value>
                <![CDATA[Qedge123!@#]]>
              </value>
            </param>
          </params>
          <reporter-output>
          </reporter-output>
        </test-method> <!-- verify_login -->
        <test-method signature="verify_login(java.lang.String,java.lang.String)[pri:0, instance:jan22.Using_Dataprovider@342c38f8]" started-at="2024-01-25T13:22:01 IST" name="verify_login" data-provider="dp" finished-at="2024-01-25T13:22:01 IST" duration-ms="936" status="PASS">
          <params>
            <param index="0">
              <value>
                <![CDATA[Admin]]>
              </value>
            </param>
            <param index="1">
              <value>
                <![CDATA[Qedge]]>
              </value>
            </param>
          </params>
          <reporter-output>
          </reporter-output>
        </test-method> <!-- verify_login -->
        <test-method signature="verify_login(java.lang.String,java.lang.String)[pri:0, instance:jan22.Using_Dataprovider@342c38f8]" started-at="2024-01-25T13:22:01 IST" name="verify_login" data-provider="dp" finished-at="2024-01-25T13:22:03 IST" duration-ms="1082" status="PASS">
          <params>
            <param index="0">
              <value>
                <![CDATA[Admin]]>
              </value>
            </param>
            <param index="1">
              <value>
                <![CDATA[Qedge123!@#]]>
              </value>
            </param>
          </params>
          <reporter-output>
          </reporter-output>
        </test-method> <!-- verify_login -->
        <test-method signature="verify_login(java.lang.String,java.lang.String)[pri:0, instance:jan22.Using_Dataprovider@342c38f8]" started-at="2024-01-25T13:22:03 IST" name="verify_login" data-provider="dp" finished-at="2024-01-25T13:22:04 IST" duration-ms="1123" status="PASS">
          <params>
            <param index="0">
              <value>
                <![CDATA[Admin]]>
              </value>
            </param>
            <param index="1">
              <value>
                <![CDATA[Qedge123!@#]]>
              </value>
            </param>
          </params>
          <reporter-output>
          </reporter-output>
        </test-method> <!-- verify_login -->
        <test-method is-config="true" signature="teardown()[pri:0, instance:jan22.Using_Dataprovider@342c38f8]" started-at="2024-01-25T13:22:04 IST" name="teardown" finished-at="2024-01-25T13:22:05 IST" duration-ms="1140" status="PASS">
          <reporter-output>
          </reporter-output>
        </test-method> <!-- teardown -->
      </class> <!-- jan22.Using_Dataprovider -->
    </test> <!-- firefoxtest -->
  </suite> <!-- cross browser testing -->
</testng-results>
